1728148906127:help
1728148919683:list-students
1728149126696:getAllStudents
1728149140753:listStudents
1728149146363:help
1728149162383:list-students
1728161498033:add-student
1728161529916:add-student --Михаил --18 --Аристов
1728161553153:add-student Михаил 18 Аристов
1728161600203:add-student Михаил Аристов 18
1728162073747:delete-student 02908728-e909-4295-91b8-03d0f072bcb7
1728214821084:help
1728214828205:list-students
1728214838073:add-student Михаил Аристов 18
1728218738976:help
1728218756709:list-students
1728232205652:Ебал Тебя 18
1728232210987:help
1728232223705:add-student Ебал Тебя 18
1728232232723:help\\\nhelp
1728232240312:hellp
1728232242846:help
1728232249809:list-students
1728238334372:help
1728242858390:add-student михаил аристов 18
